<?xml version="1.0" encoding="UTF-8"?>
<testsuite name="dev.ebpf.dsl.codegen.CCodeGeneratorTest" tests="12" skipped="0" failures="0" errors="0" timestamp="2026-02-25T02:21:50.484Z" hostname="jongsuui-MacBookAir.local" time="0.007">
  <properties/>
  <testcase name="generates kprobe with pt_regs context()" classname="dev.ebpf.dsl.codegen.CCodeGeneratorTest" time="0.0"/>
  <testcase name="generates atomic add()" classname="dev.ebpf.dsl.codegen.CCodeGeneratorTest" time="0.003"/>
  <testcase name="generates bounded loop()" classname="dev.ebpf.dsl.codegen.CCodeGeneratorTest" time="0.001"/>
  <testcase name="generates struct definitions()" classname="dev.ebpf.dsl.codegen.CCodeGeneratorTest" time="0.0"/>
  <testcase name="generates map definitions()" classname="dev.ebpf.dsl.codegen.CCodeGeneratorTest" time="0.0"/>
  <testcase name="generates ringbuf map without key value types()" classname="dev.ebpf.dsl.codegen.CCodeGeneratorTest" time="0.0"/>
  <testcase name="generates tracepoint with SEC()" classname="dev.ebpf.dsl.codegen.CCodeGeneratorTest" time="0.0"/>
  <testcase name="generates xdp with xdp_md context()" classname="dev.ebpf.dsl.codegen.CCodeGeneratorTest" time="0.001"/>
  <testcase name="generates if-else()" classname="dev.ebpf.dsl.codegen.CCodeGeneratorTest" time="0.0"/>
  <testcase name="generates includes and license()" classname="dev.ebpf.dsl.codegen.CCodeGeneratorTest" time="0.0"/>
  <testcase name="generates raw C code verbatim()" classname="dev.ebpf.dsl.codegen.CCodeGeneratorTest" time="0.001"/>
  <testcase name="generates helper calls()" classname="dev.ebpf.dsl.codegen.CCodeGeneratorTest" time="0.0"/>
  <system-out><![CDATA[]]></system-out>
  <system-err><![CDATA[]]></system-err>
</testsuite>
