<?xml version="1.0" encoding="UTF-8"?>
<testsuite name="dev.ebpf.dsl.programs.HelperRegistryTest" tests="24" skipped="0" failures="0" errors="0" timestamp="2026-02-25T02:19:52.468Z" hostname="jongsuui-MacBookAir.local" time="0.005">
  <properties/>
  <testcase name="get_current_pid_tgid NOT available in XDP()" classname="dev.ebpf.dsl.programs.HelperRegistryTest" time="0.0"/>
  <testcase name="skb_load_bytes available in TC, CgroupSkb, SocketFilter()" classname="dev.ebpf.dsl.programs.HelperRegistryTest" time="0.0"/>
  <testcase name="all helper names are unique()" classname="dev.ebpf.dsl.programs.HelperRegistryTest" time="0.001"/>
  <testcase name="redirect available in XDP and TC()" classname="dev.ebpf.dsl.programs.HelperRegistryTest" time="0.0"/>
  <testcase name="helper has typed return()" classname="dev.ebpf.dsl.programs.HelperRegistryTest" time="0.0"/>
  <testcase name="findById works()" classname="dev.ebpf.dsl.programs.HelperRegistryTest" time="0.0"/>
  <testcase name="map_lookup_elem is universal()" classname="dev.ebpf.dsl.programs.HelperRegistryTest" time="0.001"/>
  <testcase name="ktime_get_ns is not GPL only()" classname="dev.ebpf.dsl.programs.HelperRegistryTest" time="0.0"/>
  <testcase name="map_update_elem is universal()" classname="dev.ebpf.dsl.programs.HelperRegistryTest" time="0.0"/>
  <testcase name="get_current_cgroup_id NOT available in XDP()" classname="dev.ebpf.dsl.programs.HelperRegistryTest" time="0.0"/>
  <testcase name="all helper ids are unique()" classname="dev.ebpf.dsl.programs.HelperRegistryTest" time="0.0"/>
  <testcase name="probe_read_kernel is GPL only()" classname="dev.ebpf.dsl.programs.HelperRegistryTest" time="0.001"/>
  <testcase name="get_current_task_btf is GPL only()" classname="dev.ebpf.dsl.programs.HelperRegistryTest" time="0.0"/>
  <testcase name="ktime_get_ns available in all program types()" classname="dev.ebpf.dsl.programs.HelperRegistryTest" time="0.0"/>
  <testcase name="perf_event_output is universal()" classname="dev.ebpf.dsl.programs.HelperRegistryTest" time="0.0"/>
  <testcase name="xdp_adjust_head only available in XDP()" classname="dev.ebpf.dsl.programs.HelperRegistryTest" time="0.0"/>
  <testcase name="spin lock and unlock are universal()" classname="dev.ebpf.dsl.programs.HelperRegistryTest" time="0.0"/>
  <testcase name="skb_store_bytes only available in TC()" classname="dev.ebpf.dsl.programs.HelperRegistryTest" time="0.001"/>
  <testcase name="findByName returns null for unknown helper()" classname="dev.ebpf.dsl.programs.HelperRegistryTest" time="0.0"/>
  <testcase name="ringbuf_reserve is available everywhere()" classname="dev.ebpf.dsl.programs.HelperRegistryTest" time="0.0"/>
  <testcase name="probe_read_user is GPL only()" classname="dev.ebpf.dsl.programs.HelperRegistryTest" time="0.0"/>
  <testcase name="at least 30 helpers registered()" classname="dev.ebpf.dsl.programs.HelperRegistryTest" time="0.001"/>
  <testcase name="findById returns null for unknown id()" classname="dev.ebpf.dsl.programs.HelperRegistryTest" time="0.0"/>
  <testcase name="map_delete_elem is universal()" classname="dev.ebpf.dsl.programs.HelperRegistryTest" time="0.0"/>
  <system-out><![CDATA[]]></system-out>
  <system-err><![CDATA[]]></system-err>
</testsuite>
