<?xml version="1.0" encoding="UTF-8"?>
<testsuite name="dev.ebpf.dsl.codegen.KotlinCodeGeneratorTest" tests="7" skipped="0" failures="0" errors="0" timestamp="2026-02-25T02:21:12.254Z" hostname="jongsuui-MacBookAir.local" time="0.007">
  <properties/>
  <testcase name="generates correct package()" classname="dev.ebpf.dsl.codegen.KotlinCodeGeneratorTest" time="0.004"/>
  <testcase name="generates data class for entries()" classname="dev.ebpf.dsl.codegen.KotlinCodeGeneratorTest" time="0.0"/>
  <testcase name="generates layout objects with correct offsets()" classname="dev.ebpf.dsl.codegen.KotlinCodeGeneratorTest" time="0.0"/>
  <testcase name="skips ringbuf maps in reader()" classname="dev.ebpf.dsl.codegen.KotlinCodeGeneratorTest" time="0.001"/>
  <testcase name="generates decode methods()" classname="dev.ebpf.dsl.codegen.KotlinCodeGeneratorTest" time="0.0"/>
  <testcase name="generates encode methods for key structs()" classname="dev.ebpf.dsl.codegen.KotlinCodeGeneratorTest" time="0.001"/>
  <testcase name="generates reader method per map()" classname="dev.ebpf.dsl.codegen.KotlinCodeGeneratorTest" time="0.0"/>
  <system-out><![CDATA[]]></system-out>
  <system-err><![CDATA[]]></system-err>
</testsuite>
