<?xml version="1.0" encoding="UTF-8"?>
<testsuite name="dev.ebpf.dsl.programs.ProgramTypeTest" tests="16" skipped="0" failures="0" errors="0" timestamp="2026-02-25T02:12:57.869Z" hostname="jongsuui-MacBookAir.local" time="0.004">
  <properties/>
  <testcase name="fexit section prefix()" classname="dev.ebpf.dsl.programs.ProgramTypeTest" time="0.0"/>
  <testcase name="socket filter section prefix()" classname="dev.ebpf.dsl.programs.ProgramTypeTest" time="0.001"/>
  <testcase name="tc classifier section prefix()" classname="dev.ebpf.dsl.programs.ProgramTypeTest" time="0.0"/>
  <testcase name="cgroup skb section prefix()" classname="dev.ebpf.dsl.programs.ProgramTypeTest" time="0.0"/>
  <testcase name="kretprobe section prefix()" classname="dev.ebpf.dsl.programs.ProgramTypeTest" time="0.0"/>
  <testcase name="lsm section prefix()" classname="dev.ebpf.dsl.programs.ProgramTypeTest" time="0.001"/>
  <testcase name="tracepoint section prefix()" classname="dev.ebpf.dsl.programs.ProgramTypeTest" time="0.0"/>
  <testcase name="sockops section prefix()" classname="dev.ebpf.dsl.programs.ProgramTypeTest" time="0.0"/>
  <testcase name="kprobe section prefix()" classname="dev.ebpf.dsl.programs.ProgramTypeTest" time="0.0"/>
  <testcase name="xdp section prefix()" classname="dev.ebpf.dsl.programs.ProgramTypeTest" time="0.0"/>
  <testcase name="tracepoint data class equality()" classname="dev.ebpf.dsl.programs.ProgramTypeTest" time="0.0"/>
  <testcase name="fentry section prefix()" classname="dev.ebpf.dsl.programs.ProgramTypeTest" time="0.0"/>
  <testcase name="sched classifier section prefix()" classname="dev.ebpf.dsl.programs.ProgramTypeTest" time="0.0"/>
  <testcase name="iter section prefix()" classname="dev.ebpf.dsl.programs.ProgramTypeTest" time="0.0"/>
  <testcase name="raw tracepoint section prefix()" classname="dev.ebpf.dsl.programs.ProgramTypeTest" time="0.0"/>
  <testcase name="tracepoint data class inequality()" classname="dev.ebpf.dsl.programs.ProgramTypeTest" time="0.0"/>
  <system-out><![CDATA[]]></system-out>
  <system-err><![CDATA[]]></system-err>
</testsuite>
