<?xml version="1.0" encoding="UTF-8"?>
<testsuite name="dev.ebpf.dsl.api.ProgramBodyBuilderTest" tests="17" skipped="0" failures="0" errors="0" timestamp="2026-02-25T02:21:50.469Z" hostname="jongsuui-MacBookAir.local" time="0.01">
  <properties/>
  <testcase name="literal creates typed expression()" classname="dev.ebpf.dsl.api.ProgramBodyBuilderTest" time="0.001"/>
  <testcase name="XDP program with returnAction()" classname="dev.ebpf.dsl.api.ProgramBodyBuilderTest" time="0.0"/>
  <testcase name="ifThen with elseThen creates If with else block()" classname="dev.ebpf.dsl.api.ProgramBodyBuilderTest" time="0.001"/>
  <testcase name="null license throws for GPL helper()" classname="dev.ebpf.dsl.api.ProgramBodyBuilderTest" time="0.002"/>
  <testcase name="boundedLoop creates BoundedLoop statement()" classname="dev.ebpf.dsl.api.ProgramBodyBuilderTest" time="0.001"/>
  <testcase name="arithmetic operators create BinaryOp()" classname="dev.ebpf.dsl.api.ProgramBodyBuilderTest" time="0.0"/>
  <testcase name="cast changes expression type()" classname="dev.ebpf.dsl.api.ProgramBodyBuilderTest" time="0.0"/>
  <testcase name="missing GPL license throws for GPL helper()" classname="dev.ebpf.dsl.api.ProgramBodyBuilderTest" time="0.0"/>
  <testcase name="raw escape hatch creates Raw expression()" classname="dev.ebpf.dsl.api.ProgramBodyBuilderTest" time="0.0"/>
  <testcase name="ifNonNull creates IfNonNull statement()" classname="dev.ebpf.dsl.api.ProgramBodyBuilderTest" time="0.001"/>
  <testcase name="map delete emits MapDelete statement()" classname="dev.ebpf.dsl.api.ProgramBodyBuilderTest" time="0.0"/>
  <testcase name="helper call creates HelperCall expression()" classname="dev.ebpf.dsl.api.ProgramBodyBuilderTest" time="0.0"/>
  <testcase name="forRange creates bounded loop()" classname="dev.ebpf.dsl.api.ProgramBodyBuilderTest" time="0.0"/>
  <testcase name="stackVar emits VarDecl and field assignments()" classname="dev.ebpf.dsl.api.ProgramBodyBuilderTest" time="0.0"/>
  <testcase name="declareVar emits VarDecl statement()" classname="dev.ebpf.dsl.api.ProgramBodyBuilderTest" time="0.0"/>
  <testcase name="map update emits ExprStmt with MapUpdate()" classname="dev.ebpf.dsl.api.ProgramBodyBuilderTest" time="0.0"/>
  <testcase name="ifThen without else creates If with null else()" classname="dev.ebpf.dsl.api.ProgramBodyBuilderTest" time="0.001"/>
  <system-out><![CDATA[]]></system-out>
  <system-err><![CDATA[]]></system-err>
</testsuite>
